<?xml version="1.0" encoding="UTF-8"?>
<!-- Generated by org.testng.reporters.JUnitReportReporter -->
<testsuite skipped="0" hostname="HP-PC" name="Maven.AnviSoftTest.PageObjectModelPOM" tests="1" failures="0" timestamp="08 Nov 2018 06:19:44 GMT" time="45.370" errors="0">
  <testcase name="iLabs" time="45.370" classname="Maven.AnviSoftTest.PageObjectModelPOM"/>
</testsuite> <!-- Maven.AnviSoftTest.PageObjectModelPOM -->
