<?xml version="1.0" encoding="UTF-8"?>
<!-- Generated by org.testng.reporters.JUnitReportReporter -->
<testsuite skipped="0" hostname="HP-PC" name="Maven.AnviSoftTest.POMfunctions" tests="2" failures="0" timestamp="09 Nov 2018 01:52:13 GMT" time="95.646" errors="0">
  <testcase name="iLabs" time="47.763" classname="Maven.AnviSoftTest.POMfunctions"/>
  <testcase name="iLabs" time="47.883" classname="Maven.AnviSoftTest.POMfunctions"/>
</testsuite> <!-- Maven.AnviSoftTest.POMfunctions -->
